<?xml version="1.0" encoding="UTF-8"?>
<!-- Generated by org.testng.reporters.JUnitReportReporter -->
<testsuite skipped="1" hostname="SHI58495EU1533F" name="com.hrm.qa.testcases.HomePageTest" tests="3" failures="0" timestamp="04 Aug 2020 09:56:33 GMT" time="35.502" errors="1">
  <testcase name="setup" time="25.678" classname="com.hrm.qa.testcases.HomePageTest">
    <error type="org.openqa.selenium.SessionNotCreatedException" message="session not created
from disconnected: Unable to receive message from renderer
  (Session info: chrome=84.0.4147.105)
Build info: version: &#039;3.5.3&#039;, revision: &#039;a88d25fe6b&#039;, time: &#039;2017-08-29T12:42:44.417Z&#039;
System info: host: &#039;SHI58495EU1533F&#039;, ip: &#039;192.168.43.29&#039;, os.name: &#039;Windows 7&#039;, os.arch: &#039;amd64&#039;, os.version: &#039;6.1&#039;, java.version: &#039;1.8.0_111&#039;
Driver info: driver.version: ChromeDriver
remote stacktrace: Backtrace:
	Ordinal0 [0x016487E3+2852835]
	Ordinal0 [0x01535BB1+1727409]
	Ordinal0 [0x0140E4B9+517305]
	Ordinal0 [0x01405EA7+482983]
	Ordinal0 [0x014052D1+479953]
	Ordinal0 [0x01405515+480533]
	Ordinal0 [0x01404F45+479045]
	Ordinal0 [0x0140D225+512549]
	Ordinal0 [0x01404F02+478978]
	Ordinal0 [0x01405B19+482073]
	Ordinal0 [0x014052D1+479953]
	Ordinal0 [0x01405515+480533]
	Ordinal0 [0x01404F45+479045]
	Ordinal0 [0x0140BA6E+506478]
	Ordinal0 [0x01404F02+478978]
	Ordinal0 [0x01405B19+482073]
	Ordinal0 [0x014052D1+479953]
	Ordinal0 [0x01405515+480533]
	Ordinal0 [0x01404F45+479045]
	Ordinal0 [0x01409FC6+499654]
	Ordinal0 [0x01404F02+478978]
	Ordinal0 [0x01405B19+482073]
	Ordinal0 [0x014052D1+479953]
	Ordinal0 [0x01405515+480533]
	Ordinal0 [0x01404F45+479045]
	Ordinal0 [0x01409587+497031]
	Ordinal0 [0x01404F02+478978]
	Ordinal0 [0x01405B19+482073]
	Ordinal0 [0x014052D1+479953]
	Ordinal0 [0x01405515+480533]
	Ordinal0 [0x01404F45+479045]
	Ordinal0 [0x014016BC+464572]
	Ordinal0 [0x01404F02+478978]
	Ordinal0 [0x01404E57+478807]
	Ordinal0 [0x0140F300+520960]
	Ordinal0 [0x013BE489+189577]
	Ordinal0 [0x013BD7FD+186365]
	Ordinal0 [0x013BB70B+177931]
	Ordinal0 [0x013A2584+75140]
	Ordinal0 [0x013A3650+79440]
	Ordinal0 [0x013A35E9+79337]
	Ordinal0 [0x0154AD5C+1813852]
	GetHandleVerifier [0x0176C616+1075574]
	GetHandleVerifier [0x0176C367+1074887]
	GetHandleVerifier [0x01777497+1120247]
	GetHandleVerifier [0x0176CC16+1077110]
	Ordinal0 [0x01543206+1782278]
	Ordinal0 [0x0154C3BB+1819579]
	Ordinal0 [0x0154C523+1819939]
	Ordinal0 [0x01562B45+1911621]
	BaseThreadInitThunk [0x7651343D+18]
	RtlInitializeExceptionChain [0x777C9812+99]
	RtlInitializeExceptionChain [0x777C97E5+54]
">
      <![CDATA[org.openqa.selenium.SessionNotCreatedException: session not created
from disconnected: Unable to receive message from renderer
  (Session info: chrome=84.0.4147.105)
Build info: version: '3.5.3', revision: 'a88d25fe6b', time: '2017-08-29T12:42:44.417Z'
System info: host: 'SHI58495EU1533F', ip: '192.168.43.29', os.name: 'Windows 7', os.arch: 'amd64', os.version: '6.1', java.version: '1.8.0_111'
Driver info: driver.version: ChromeDriver
remote stacktrace: Backtrace:
	Ordinal0 [0x016487E3+2852835]
	Ordinal0 [0x01535BB1+1727409]
	Ordinal0 [0x0140E4B9+517305]
	Ordinal0 [0x01405EA7+482983]
	Ordinal0 [0x014052D1+479953]
	Ordinal0 [0x01405515+480533]
	Ordinal0 [0x01404F45+479045]
	Ordinal0 [0x0140D225+512549]
	Ordinal0 [0x01404F02+478978]
	Ordinal0 [0x01405B19+482073]
	Ordinal0 [0x014052D1+479953]
	Ordinal0 [0x01405515+480533]
	Ordinal0 [0x01404F45+479045]
	Ordinal0 [0x0140BA6E+506478]
	Ordinal0 [0x01404F02+478978]
	Ordinal0 [0x01405B19+482073]
	Ordinal0 [0x014052D1+479953]
	Ordinal0 [0x01405515+480533]
	Ordinal0 [0x01404F45+479045]
	Ordinal0 [0x01409FC6+499654]
	Ordinal0 [0x01404F02+478978]
	Ordinal0 [0x01405B19+482073]
	Ordinal0 [0x014052D1+479953]
	Ordinal0 [0x01405515+480533]
	Ordinal0 [0x01404F45+479045]
	Ordinal0 [0x01409587+497031]
	Ordinal0 [0x01404F02+478978]
	Ordinal0 [0x01405B19+482073]
	Ordinal0 [0x014052D1+479953]
	Ordinal0 [0x01405515+480533]
	Ordinal0 [0x01404F45+479045]
	Ordinal0 [0x014016BC+464572]
	Ordinal0 [0x01404F02+478978]
	Ordinal0 [0x01404E57+478807]
	Ordinal0 [0x0140F300+520960]
	Ordinal0 [0x013BE489+189577]
	Ordinal0 [0x013BD7FD+186365]
	Ordinal0 [0x013BB70B+177931]
	Ordinal0 [0x013A2584+75140]
	Ordinal0 [0x013A3650+79440]
	Ordinal0 [0x013A35E9+79337]
	Ordinal0 [0x0154AD5C+1813852]
	GetHandleVerifier [0x0176C616+1075574]
	GetHandleVerifier [0x0176C367+1074887]
	GetHandleVerifier [0x01777497+1120247]
	GetHandleVerifier [0x0176CC16+1077110]
	Ordinal0 [0x01543206+1782278]
	Ordinal0 [0x0154C3BB+1819579]
	Ordinal0 [0x0154C523+1819939]
	Ordinal0 [0x01562B45+1911621]
	BaseThreadInitThunk [0x7651343D+18]
	RtlInitializeExceptionChain [0x777C9812+99]
	RtlInitializeExceptionChain [0x777C97E5+54]

	at sun.reflect.NativeConstructorAccessorImpl.newInstance0(Native Method)
	at sun.reflect.NativeConstructorAccessorImpl.newInstance(Unknown Source)
	at sun.reflect.DelegatingConstructorAccessorImpl.newInstance(Unknown Source)
	at java.lang.reflect.Constructor.newInstance(Unknown Source)
	at org.openqa.selenium.remote.W3CHandshakeResponse.lambda$new$0(W3CHandshakeResponse.java:57)
	at org.openqa.selenium.remote.W3CHandshakeResponse.lambda$getResponseFunction$2(W3CHandshakeResponse.java:104)
	at org.openqa.selenium.remote.ProtocolHandshake.lambda$createSession$24(ProtocolHandshake.java:359)
	at java.util.stream.ReferencePipeline$3$1.accept(Unknown Source)
	at java.util.Spliterators$ArraySpliterator.tryAdvance(Unknown Source)
	at java.util.stream.ReferencePipeline.forEachWithCancel(Unknown Source)
	at java.util.stream.AbstractPipeline.copyIntoWithCancel(Unknown Source)
	at java.util.stream.AbstractPipeline.copyInto(Unknown Source)
	at java.util.stream.AbstractPipeline.wrapAndCopyInto(Unknown Source)
	at java.util.stream.FindOps$FindOp.evaluateSequential(Unknown Source)
	at java.util.stream.AbstractPipeline.evaluate(Unknown Source)
	at java.util.stream.ReferencePipeline.findFirst(Unknown Source)
	at org.openqa.selenium.remote.ProtocolHandshake.createSession(ProtocolHandshake.java:362)
	at org.openqa.selenium.remote.ProtocolHandshake.createSession(ProtocolHandshake.java:136)
	at org.openqa.selenium.remote.HttpCommandExecutor.execute(HttpCommandExecutor.java:142)
	at org.openqa.selenium.remote.service.DriverCommandExecutor.execute(DriverCommandExecutor.java:82)
	at org.openqa.selenium.remote.RemoteWebDriver.execute(RemoteWebDriver.java:646)
	at org.openqa.selenium.remote.RemoteWebDriver.startSession(RemoteWebDriver.java:255)
	at org.openqa.selenium.remote.RemoteWebDriver.startSession(RemoteWebDriver.java:237)
	at org.openqa.selenium.remote.RemoteWebDriver.<init>(RemoteWebDriver.java:138)
	at org.openqa.selenium.chrome.ChromeDriver.<init>(ChromeDriver.java:178)
	at org.openqa.selenium.chrome.ChromeDriver.<init>(ChromeDriver.java:167)
	at org.openqa.selenium.chrome.ChromeDriver.<init>(ChromeDriver.java:124)
	at com.hrm.qa.base.TestBase.initialization(TestBase.java:55)
	at com.hrm.qa.testcases.HomePageTest.setup(HomePageTest.java:29)
	at sun.reflect.NativeMethodAccessorImpl.invoke0(Native Method)
	at sun.reflect.NativeMethodAccessorImpl.invoke(Unknown Source)
	at sun.reflect.DelegatingMethodAccessorImpl.invoke(Unknown Source)
	at java.lang.reflect.Method.invoke(Unknown Source)
	at org.testng.internal.MethodInvocationHelper.invokeMethod(MethodInvocationHelper.java:108)
	at org.testng.internal.Invoker.invokeConfigurationMethod(Invoker.java:523)
	at org.testng.internal.Invoker.invokeConfigurations(Invoker.java:224)
	at org.testng.internal.Invoker.invokeMethod(Invoker.java:599)
	at org.testng.internal.Invoker.invokeTestMethod(Invoker.java:869)
	at org.testng.internal.Invoker.invokeTestMethods(Invoker.java:1193)
	at org.testng.internal.TestMethodWorker.invokeTestMethods(TestMethodWorker.java:126)
	at org.testng.internal.TestMethodWorker.run(TestMethodWorker.java:109)
	at org.testng.TestRunner.privateRun(TestRunner.java:744)
	at org.testng.TestRunner.run(TestRunner.java:602)
	at org.testng.SuiteRunner.runTest(SuiteRunner.java:380)
	at org.testng.SuiteRunner.runSequentially(SuiteRunner.java:375)
	at org.testng.SuiteRunner.privateRun(SuiteRunner.java:340)
	at org.testng.SuiteRunner.run(SuiteRunner.java:289)
	at org.testng.SuiteRunnerWorker.runSuite(SuiteRunnerWorker.java:52)
	at org.testng.SuiteRunnerWorker.run(SuiteRunnerWorker.java:86)
	at org.testng.TestNG.runSuitesSequentially(TestNG.java:1301)
	at org.testng.TestNG.runSuitesLocally(TestNG.java:1226)
	at org.testng.TestNG.runSuites(TestNG.java:1144)
	at org.testng.TestNG.run(TestNG.java:1115)
	at org.testng.remote.AbstractRemoteTestNG.run(AbstractRemoteTestNG.java:132)
	at org.testng.remote.RemoteTestNG.initAndRun(RemoteTestNG.java:236)
	at org.testng.remote.RemoteTestNG.main(RemoteTestNG.java:81)
]]>
    </error>
  </testcase> <!-- setup -->
  <testcase name="addNewEmployeeTest" time="9.824" classname="com.hrm.qa.testcases.HomePageTest"/>
  <testcase name="searchEmployeeTest" time="0.000" classname="com.hrm.qa.testcases.HomePageTest">
    <skipped/>
  </testcase> <!-- searchEmployeeTest -->
</testsuite> <!-- com.hrm.qa.testcases.HomePageTest -->
